wear/build/intermediates/manifest_merge_blame_file/debug/processDebugMainManifest/manifest-merger-blame-debug-report.txt
1<?xml version="1.0" encoding="utf-8"?>
2<manifest xmlns:android="http://schemas.android.com/apk/res/android"
3    package="com.damon1974.infowatchface"
4    android:versionCode="1"
5    android:versionName="1.0" >
6
7    <uses-sdk
7-->INJECTED
8        android:minSdkVersion="30"
8-->INJECTED
9        android:targetSdkVersion="35" />
9-->INJECTED
10
11    <uses-feature android:name="android.hardware.type.watch" />
11-->src\main\AndroidManifest.xml:4:5-64
11-->src\main\AndroidManifest.xml:4:19-61
12
13    <permission
13-->[androidx.core:core:1.16.0] AndroidManifest.xml:22:5-24:47
14        android:name="com.damon1974.infowatchface.DYNAMIC_RECEIVER_NOT_EXPORTED_PERMISSION"
14-->[androidx.core:core:1.16.0] AndroidManifest.xml:23:9-81
15        android:protectionLevel="signature" />
15-->[androidx.core:core:1.16.0] AndroidManifest.xml:24:9-44
16
17    <uses-permission android:name="com.damon1974.infowatchface.DYNAMIC_RECEIVER_NOT_EXPORTED_PERMISSION" />
17-->[androidx.core:core:1.16.0] AndroidManifest.xml:26:5-97
17-->[androidx.core:core:1.16.0] AndroidManifest.xml:26:22-94
18
19    <application
19-->src\main\AndroidManifest.xml:6:5-103:19
20        android:allowBackup="true"
20-->src\main\AndroidManifest.xml:7:9-35
21        android:appComponentFactory="androidx.core.app.CoreComponentFactory"
21-->[androidx.core:core:1.16.0] AndroidManifest.xml:28:18-86
22        android:debuggable="true"
23        android:extractNativeLibs="false"
23-->INJECTED
24        android:label="Info Watch Wear"
24-->src\main\AndroidManifest.xml:8:9-40
25        android:supportsRtl="true"
25-->src\main\AndroidManifest.xml:9:9-35
26        android:testOnly="true"
27        android:theme="@android:style/Theme.DeviceDefault" >
27-->src\main\AndroidManifest.xml:10:9-59
28        <meta-data
28-->src\main\AndroidManifest.xml:12:9-14:37
29            android:name="com.google.android.wearable.standalone"
29-->src\main\AndroidManifest.xml:13:13-66
30            android:value="false" />
30-->src\main\AndroidManifest.xml:14:13-34
31        <meta-data
31-->src\main\AndroidManifest.xml:16:9-18:69
32            android:name="com.google.android.gms.version"
32-->src\main\AndroidManifest.xml:17:13-58
33            android:value="@integer/google_play_services_version" />
33-->src\main\AndroidManifest.xml:18:13-66
34
35        <service
35-->src\main\AndroidManifest.xml:20:9-37:19
36            android:name="com.damon1974.infowatchface.wear.DataLayerListenerService"
36-->src\main\AndroidManifest.xml:21:13-53
37            android:exported="true" >
37-->src\main\AndroidManifest.xml:22:13-36
38            <intent-filter>
38-->src\main\AndroidManifest.xml:23:13-29:29
39                <action android:name="com.google.android.gms.wearable.DATA_CHANGED" />
39-->src\main\AndroidManifest.xml:24:17-87
39-->src\main\AndroidManifest.xml:24:25-84
40
41                <data
41-->src\main\AndroidManifest.xml:25:17-28:45
42                    android:host="*"
42-->src\main\AndroidManifest.xml:26:21-37
43                    android:pathPrefix="/usage"
43-->src\main\AndroidManifest.xml:27:21-48
44                    android:scheme="wear" />
44-->src\main\AndroidManifest.xml:28:21-42
45            </intent-filter>
46            <intent-filter>
46-->src\main\AndroidManifest.xml:30:13-36:29
47                <action android:name="com.google.android.gms.wearable.MESSAGE_RECEIVED" />
47-->src\main\AndroidManifest.xml:31:17-91
47-->src\main\AndroidManifest.xml:31:25-88
48
49                <data
49-->src\main\AndroidManifest.xml:25:17-28:45
50                    android:host="*"
50-->src\main\AndroidManifest.xml:26:21-37
51                    android:pathPrefix="/usage"
51-->src\main\AndroidManifest.xml:27:21-48
52                    android:scheme="wear" />
52-->src\main\AndroidManifest.xml:28:21-42
53            </intent-filter>
54        </service>
55        <service
55-->src\main\AndroidManifest.xml:39:9-53:19
56            android:name="com.damon1974.infowatchface.wear.SessionComplicationService"
56-->src\main\AndroidManifest.xml:40:13-55
57            android:exported="true"
57-->src\main\AndroidManifest.xml:42:13-36
58            android:label="Session Usage (S)"
58-->src\main\AndroidManifest.xml:41:13-46
59            android:permission="com.google.android.wearable.permission.BIND_COMPLICATION_PROVIDER" >
59-->src\main\AndroidManifest.xml:43:13-99
60            <intent-filter>
60-->src\main\AndroidManifest.xml:44:13-46:29
61                <action android:name="android.support.wearable.complications.ACTION_COMPLICATION_UPDATE_REQUEST" />
61-->src\main\AndroidManifest.xml:45:17-116
61-->src\main\AndroidManifest.xml:45:25-113
62            </intent-filter>
63
64            <meta-data
64-->src\main\AndroidManifest.xml:47:13-49:48
65                android:name="android.support.wearable.complications.SUPPORTED_TYPES"
65-->src\main\AndroidManifest.xml:48:17-86
66                android:value="RANGED_VALUE" />
66-->src\main\AndroidManifest.xml:49:17-45
67            <meta-data
67-->src\main\AndroidManifest.xml:50:13-52:39
68                android:name="android.support.wearable.complications.UPDATE_PERIOD_SECONDS"
68-->src\main\AndroidManifest.xml:51:17-92
69                android:value="600" />
69-->src\main\AndroidManifest.xml:52:17-36
70        </service>
71        <service
71-->src\main\AndroidManifest.xml:55:9-69:19
72            android:name="com.damon1974.infowatchface.wear.WeeklyComplicationService"
72-->src\main\AndroidManifest.xml:56:13-54
73            android:exported="true"
73-->src\main\AndroidManifest.xml:58:13-36
74            android:label="Weekly Usage (W)"
74-->src\main\AndroidManifest.xml:57:13-45
75            android:permission="com.google.android.wearable.permission.BIND_COMPLICATION_PROVIDER" >
75-->src\main\AndroidManifest.xml:59:13-99
76            <intent-filter>
76-->src\main\AndroidManifest.xml:44:13-46:29
77                <action android:name="android.support.wearable.complications.ACTION_COMPLICATION_UPDATE_REQUEST" />
77-->src\main\AndroidManifest.xml:45:17-116
77-->src\main\AndroidManifest.xml:45:25-113
78            </intent-filter>
79
80            <meta-data
80-->src\main\AndroidManifest.xml:47:13-49:48
81                android:name="android.support.wearable.complications.SUPPORTED_TYPES"
81-->src\main\AndroidManifest.xml:48:17-86
82                android:value="RANGED_VALUE" />
82-->src\main\AndroidManifest.xml:49:17-45
83            <meta-data
83-->src\main\AndroidManifest.xml:50:13-52:39
84                android:name="android.support.wearable.complications.UPDATE_PERIOD_SECONDS"
84-->src\main\AndroidManifest.xml:51:17-92
85                android:value="600" />
85-->src\main\AndroidManifest.xml:52:17-36
86        </service>
87        <service
87-->src\main\AndroidManifest.xml:71:9-85:19
88            android:name="com.damon1974.infowatchface.wear.RustComplicationService"
88-->src\main\AndroidManifest.xml:72:13-52
89            android:exported="true"
89-->src\main\AndroidManifest.xml:74:13-36
90            android:label="Rust Players"
90-->src\main\AndroidManifest.xml:73:13-41
91            android:permission="com.google.android.wearable.permission.BIND_COMPLICATION_PROVIDER" >
91-->src\main\AndroidManifest.xml:75:13-99
92            <intent-filter>
92-->src\main\AndroidManifest.xml:44:13-46:29
93                <action android:name="android.support.wearable.complications.ACTION_COMPLICATION_UPDATE_REQUEST" />
93-->src\main\AndroidManifest.xml:45:17-116
93-->src\main\AndroidManifest.xml:45:25-113
94            </intent-filter>
95
96            <meta-data
96-->src\main\AndroidManifest.xml:47:13-49:48
97                android:name="android.support.wearable.complications.SUPPORTED_TYPES"
97-->src\main\AndroidManifest.xml:48:17-86
98                android:value="SHORT_TEXT" />
98-->src\main\AndroidManifest.xml:49:17-45
99            <meta-data
99-->src\main\AndroidManifest.xml:50:13-52:39
100                android:name="android.support.wearable.complications.UPDATE_PERIOD_SECONDS"
100-->src\main\AndroidManifest.xml:51:17-92
101                android:value="300" />
101-->src\main\AndroidManifest.xml:52:17-36
102        </service>
103        <service
103-->src\main\AndroidManifest.xml:87:9-101:19
104            android:name="com.damon1974.infowatchface.wear.McComplicationService"
104-->src\main\AndroidManifest.xml:88:13-50
105            android:exported="true"
105-->src\main\AndroidManifest.xml:90:13-36
106            android:label="Minecraft Players"
106-->src\main\AndroidManifest.xml:89:13-46
107            android:permission="com.google.android.wearable.permission.BIND_COMPLICATION_PROVIDER" >
107-->src\main\AndroidManifest.xml:91:13-99
108            <intent-filter>
108-->src\main\AndroidManifest.xml:44:13-46:29
109                <action android:name="android.support.wearable.complications.ACTION_COMPLICATION_UPDATE_REQUEST" />
109-->src\main\AndroidManifest.xml:45:17-116
109-->src\main\AndroidManifest.xml:45:25-113
110            </intent-filter>
111
112            <meta-data
112-->src\main\AndroidManifest.xml:47:13-49:48
113                android:name="android.support.wearable.complications.SUPPORTED_TYPES"
113-->src\main\AndroidManifest.xml:48:17-86
114                android:value="SHORT_TEXT" />
114-->src\main\AndroidManifest.xml:49:17-45
115            <meta-data
115-->src\main\AndroidManifest.xml:50:13-52:39
116                android:name="android.support.wearable.complications.UPDATE_PERIOD_SECONDS"
116-->src\main\AndroidManifest.xml:51:17-92
117                android:value="300" />
117-->src\main\AndroidManifest.xml:52:17-36
118        </service>
119
120        <uses-library
120-->[androidx.wear.watchface:watchface-complications-data:1.2.1] AndroidManifest.xml:8:9-10:40
121            android:name="com.google.android.wearable"
121-->[androidx.wear.watchface:watchface-complications-data:1.2.1] AndroidManifest.xml:9:13-55
122            android:required="false" />
122-->[androidx.wear.watchface:watchface-complications-data:1.2.1] AndroidManifest.xml:10:13-37
123
124        <activity
124-->[com.google.android.gms:play-services-base:18.0.1] AndroidManifest.xml:20:9-22:45
125            android:name="com.google.android.gms.common.api.GoogleApiActivity"
125-->[com.google.android.gms:play-services-base:18.0.1] AndroidManifest.xml:20:19-85
126            android:exported="false"
126-->[com.google.android.gms:play-services-base:18.0.1] AndroidManifest.xml:22:19-43
127            android:theme="@android:style/Theme.Translucent.NoTitleBar" />
127-->[com.google.android.gms:play-services-base:18.0.1] AndroidManifest.xml:21:19-78
128
129        <provider
129-->[androidx.profileinstaller:profileinstaller:1.3.0] AndroidManifest.xml:24:9-32:20
130            android:name="androidx.startup.InitializationProvider"
130-->[androidx.profileinstaller:profileinstaller:1.3.0] AndroidManifest.xml:25:13-67
131            android:authorities="com.damon1974.infowatchface.androidx-startup"
131-->[androidx.profileinstaller:profileinstaller:1.3.0] AndroidManifest.xml:26:13-68
132            android:exported="false" >
132-->[androidx.profileinstaller:profileinstaller:1.3.0] AndroidManifest.xml:27:13-37
133            <meta-data
133-->[androidx.profileinstaller:profileinstaller:1.3.0] AndroidManifest.xml:29:13-31:52
134                android:name="androidx.profileinstaller.ProfileInstallerInitializer"
134-->[androidx.profileinstaller:profileinstaller:1.3.0] AndroidManifest.xml:30:17-85
135                android:value="androidx.startup" />
135-->[androidx.profileinstaller:profileinstaller:1.3.0] AndroidManifest.xml:31:17-49
136        </provider>
137
138        <receiver
138-->[androidx.profileinstaller:profileinstaller:1.3.0] AndroidManifest.xml:34:9-52:20
139            android:name="androidx.profileinstaller.ProfileInstallReceiver"
139-->[androidx.profileinstaller:profileinstaller:1.3.0] AndroidManifest.xml:35:13-76
140            android:directBootAware="false"
140-->[androidx.profileinstaller:profileinstaller:1.3.0] AndroidManifest.xml:36:13-44
141            android:enabled="true"
141-->[androidx.profileinstaller:profileinstaller:1.3.0] AndroidManifest.xml:37:13-35
142            android:exported="true"
142-->[androidx.profileinstaller:profileinstaller:1.3.0] AndroidManifest.xml:38:13-36
143            android:permission="android.permission.DUMP" >
143-->[androidx.profileinstaller:profileinstaller:1.3.0] AndroidManifest.xml:39:13-57
144            <intent-filter>
144-->[androidx.profileinstaller:profileinstaller:1.3.0] AndroidManifest.xml:40:13-42:29
145                <action android:name="androidx.profileinstaller.action.INSTALL_PROFILE" />
145-->[androidx.profileinstaller:profileinstaller:1.3.0] AndroidManifest.xml:41:17-91
145-->[androidx.profileinstaller:profileinstaller:1.3.0] AndroidManifest.xml:41:25-88
146            </intent-filter>
147            <intent-filter>
147-->[androidx.profileinstaller:profileinstaller:1.3.0] AndroidManifest.xml:43:13-45:29
148                <action android:name="androidx.profileinstaller.action.SKIP_FILE" />
148-->[androidx.profileinstaller:profileinstaller:1.3.0] AndroidManifest.xml:44:17-85
148-->[androidx.profileinstaller:profileinstaller:1.3.0] AndroidManifest.xml:44:25-82
149            </intent-filter>
150            <intent-filter>
150-->[androidx.profileinstaller:profileinstaller:1.3.0] AndroidManifest.xml:46:13-48:29
151                <action android:name="androidx.profileinstaller.action.SAVE_PROFILE" />
151-->[androidx.profileinstaller:profileinstaller:1.3.0] AndroidManifest.xml:47:17-88
151-->[androidx.profileinstaller:profileinstaller:1.3.0] AndroidManifest.xml:47:25-85
152            </intent-filter>
153            <intent-filter>
153-->[androidx.profileinstaller:profileinstaller:1.3.0] AndroidManifest.xml:49:13-51:29
154                <action android:name="androidx.profileinstaller.action.BENCHMARK_OPERATION" />
154-->[androidx.profileinstaller:profileinstaller:1.3.0] AndroidManifest.xml:50:17-95
154-->[androidx.profileinstaller:profileinstaller:1.3.0] AndroidManifest.xml:50:25-92
155            </intent-filter>
156        </receiver>
157    </application>
158
159</manifest>